<?xml version="1.0" encoding="UTF-8"?>
<!-- Generated by org.testng.reporters.JUnitReportReporter -->
<testsuite hostname="NODE158" name="com.selenium.maven1.ToolSquareTest" tests="2" failures="0" timestamp="28 Oct 2016 06:00:35 GMT" time="43.545" errors="0">
  <testcase name="toolSquare" time="21.843" classname="com.selenium.maven1.ToolSquareTest"/>
  <testcase name="iphone" time="21.702" classname="com.selenium.maven1.ToolSquareTest"/>
</testsuite> <!-- com.selenium.maven1.ToolSquareTest -->
