<?xml version="1.0" encoding="UTF-8"?>
<!-- Generated by org.testng.reporters.JUnitReportReporter -->
<testsuite hostname="NODE158" name="com.selenium.maven1.Toolsquare" tests="2" failures="0" timestamp="26 Oct 2016 09:58:29 GMT" time="42.293" errors="0">
  <testcase name="two" time="20.971" classname="com.selenium.maven1.Toolsquare"/>
  <testcase name="tol" time="21.322" classname="com.selenium.maven1.Toolsquare"/>
</testsuite> <!-- com.selenium.maven1.Toolsquare -->
