<?xml version="1.0" encoding="UTF-8"?>
<!-- Generated by org.testng.reporters.JUnitReportReporter -->
<testsuite hostname="NODE158" name="com.selenium.maven1.ToolsquareTest" tests="2" failures="0" timestamp="27 Oct 2016 07:46:00 GMT" time="110.906" errors="0">
  <testcase name="tol" time="81.084" classname="com.selenium.maven1.ToolsquareTest"/>
  <testcase name="two" time="29.822" classname="com.selenium.maven1.ToolsquareTest"/>
</testsuite> <!-- com.selenium.maven1.ToolsquareTest -->
